<?xml version="1.0" encoding="UTF-8"?>
<testsuite name="pre9.server.ServerApplicationTests" tests="1" skipped="0" failures="0" errors="0" timestamp="2023-02-28T08:11:36" hostname="geumbiui-MacBookAir.local" time="0.238">
  <properties/>
  <testcase name="contextLoads()" classname="pre9.server.ServerApplicationTests" time="0.238"/>
  <system-out><![CDATA[17:11:24.464 [Test worker] DEBUG org.springframework.test.context.BootstrapUtils - Instantiating CacheAwareContextLoaderDelegate from class [org.springframework.test.context.cache.DefaultCacheAwareContextLoaderDelegate]
17:11:24.488 [Test worker] DEBUG org.springframework.test.context.BootstrapUtils - Instantiating BootstrapContext using constructor [public org.springframework.test.context.support.DefaultBootstrapContext(java.lang.Class,org.springframework.test.context.CacheAwareContextLoaderDelegate)]
17:11:24.560 [Test worker] DEBUG org.springframework.test.context.BootstrapUtils - Instantiating TestContextBootstrapper for test class [pre9.server.ServerApplicationTests] from class [org.springframework.boot.test.context.SpringBootTestContextBootstrapper]
17:11:24.582 [Test worker] INFO org.springframework.boot.test.context.SpringBootTestContextBootstrapper - Neither @ContextConfiguration nor @ContextHierarchy found for test class [pre9.server.ServerApplicationTests], using SpringBootContextLoader
17:11:24.589 [Test worker] DEBUG org.springframework.test.context.support.AbstractContextLoader - Did not detect default resource location for test class [pre9.server.ServerApplicationTests]: class path resource [pre9/server/ServerApplicationTests-context.xml] does not exist
17:11:24.590 [Test worker] DEBUG org.springframework.test.context.support.AbstractContextLoader - Did not detect default resource location for test class [pre9.server.ServerApplicationTests]: class path resource [pre9/server/ServerApplicationTestsContext.groovy] does not exist
17:11:24.591 [Test worker] INFO org.springframework.test.context.support.AbstractContextLoader - Could not detect default resource locations for test class [pre9.server.ServerApplicationTests]: no resource found for suffixes {-context.xml, Context.groovy}.
17:11:24.593 [Test worker] INFO org.springframework.test.context.support.AnnotationConfigContextLoaderUtils - Could not detect default configuration classes for test class [pre9.server.ServerApplicationTests]: ServerApplicationTests does not declare any static, non-private, non-final, nested classes annotated with @Configuration.
17:11:24.689 [Test worker] DEBUG org.springframework.test.context.support.ActiveProfilesUtils - Could not find an 'annotation declaring class' for annotation type [org.springframework.test.context.ActiveProfiles] and class [pre9.server.ServerApplicationTests]
17:11:24.809 [Test worker] DEBUG org.springframework.context.annotation.ClassPathScanningCandidateComponentProvider - Identified candidate component class: file [/Users/geumbihwang/seb42_pre_019/server/build/classes/java/main/pre9/server/ServerApplication.class]
17:11:24.810 [Test worker] INFO org.springframework.boot.test.context.SpringBootTestContextBootstrapper - Found @SpringBootConfiguration pre9.server.ServerApplication for test class pre9.server.ServerApplicationTests
17:11:25.035 [Test worker] DEBUG org.springframework.boot.test.context.SpringBootTestContextBootstrapper - @TestExecutionListeners is not present for class [pre9.server.ServerApplicationTests]: using defaults.
17:11:25.052 [Test worker] INFO org.springframework.boot.test.context.SpringBootTestContextBootstrapper - Loaded default TestExecutionListener class names from location [META-INF/spring.factories]: [org.springframework.boot.test.autoconfigure.restdocs.RestDocsTestExecutionListener, org.springframework.boot.test.autoconfigure.web.client.MockRestServiceServerResetTestExecutionListener, org.springframework.boot.test.autoconfigure.web.servlet.MockMvcPrintOnlyOnFailureTestExecutionListener, org.springframework.boot.test.autoconfigure.web.servlet.WebDriverTestExecutionListener, org.springframework.boot.test.autoconfigure.webservices.client.MockWebServiceServerTestExecutionListener, org.springframework.boot.test.mock.mockito.MockitoTestExecutionListener, org.springframework.boot.test.mock.mockito.ResetMocksTestExecutionListener, org.springframework.test.context.web.ServletTestExecutionListener, org.springframework.test.context.support.DirtiesContextBeforeModesTestExecutionListener, org.springframework.test.context.event.ApplicationEventsTestExecutionListener, org.springframework.test.context.support.DependencyInjectionTestExecutionListener, org.springframework.test.context.support.DirtiesContextTestExecutionListener, org.springframework.test.context.transaction.TransactionalTestExecutionListener, org.springframework.test.context.jdbc.SqlScriptsTestExecutionListener, org.springframework.test.context.event.EventPublishingTestExecutionListener]
17:11:25.088 [Test worker] INFO org.springframework.boot.test.context.SpringBootTestContextBootstrapper - Using TestExecutionListeners: [org.springframework.test.context.web.ServletTestExecutionListener@1edb61b1, org.springframework.test.context.support.DirtiesContextBeforeModesTestExecutionListener@ec2bf82, org.springframework.test.context.event.ApplicationEventsTestExecutionListener@cc62a3b, org.springframework.boot.test.mock.mockito.MockitoTestExecutionListener@6cc0bcf6, org.springframework.boot.test.autoconfigure.SpringBootDependencyInjectionTestExecutionListener@29539e36, org.springframework.test.context.support.DirtiesContextTestExecutionListener@32f61a31, org.springframework.test.context.transaction.TransactionalTestExecutionListener@f5c79a6, org.springframework.test.context.jdbc.SqlScriptsTestExecutionListener@669253b7, org.springframework.test.context.event.EventPublishingTestExecutionListener@5305c37d, org.springframework.boot.test.autoconfigure.restdocs.RestDocsTestExecutionListener@51a06cbe, org.springframework.boot.test.autoconfigure.web.client.MockRestServiceServerResetTestExecutionListener@3dddbe65, org.springframework.boot.test.autoconfigure.web.servlet.MockMvcPrintOnlyOnFailureTestExecutionListener@49a64d82, org.springframework.boot.test.autoconfigure.web.servlet.WebDriverTestExecutionListener@344561e0, org.springframework.boot.test.autoconfigure.webservices.client.MockWebServiceServerTestExecutionListener@66d23e4a, org.springframework.boot.test.mock.mockito.ResetMocksTestExecutionListener@36ac8a63]
17:11:25.095 [Test worker] DEBUG org.springframework.test.context.support.AbstractDirtiesContextTestExecutionListener - Before test class: context [DefaultTestContext@22db8f4 testClass = ServerApplicationTests, testInstance = [null], testMethod = [null], testException = [null], mergedContextConfiguration = [WebMergedContextConfiguration@2b46a8c1 testClass = ServerApplicationTests, locations = '{}', classes = '{class pre9.server.ServerApplication}', contextInitializerClasses = '[]', activeProfiles = '{}', propertySourceLocations = '{}', propertySourceProperties = '{org.springframework.boot.test.context.SpringBootTestContextBootstrapper=true}', contextCustomizers = set[org.springframework.boot.test.autoconfigure.actuate.metrics.MetricsExportContextCustomizerFactory$DisableMetricExportContextCustomizer@6da00fb9, org.springframework.boot.test.autoconfigure.properties.PropertyMappingContextCustomizer@0, org.springframework.boot.test.autoconfigure.web.servlet.WebDriverContextCustomizerFactory$Customizer@68b6f0d6, org.springframework.boot.test.context.filter.ExcludeFilterContextCustomizer@3b7ff809, org.springframework.boot.test.json.DuplicateJsonObjectContextCustomizerFactory$DuplicateJsonObjectContextCustomizer@4b20ca2b, org.springframework.boot.test.mock.mockito.MockitoContextCustomizer@0, org.springframework.boot.test.web.client.TestRestTemplateContextCustomizer@57fd91c9, org.springframework.boot.test.context.SpringBootTestArgs@1, org.springframework.boot.test.context.SpringBootTestWebEnvironment@5852c06f], resourceBasePath = 'src/main/webapp', contextLoader = 'org.springframework.boot.test.context.SpringBootContextLoader', parent = [null]], attributes = map['org.springframework.test.context.web.ServletTestExecutionListener.activateListener' -> true]], class annotated with @DirtiesContext [false] with mode [null].

  .   ____          _            __ _ _
 /\\ / ___'_ __ _ _(_)_ __  __ _ \ \ \ \
( ( )\___ | '_ | '_| | '_ \/ _` | \ \ \ \
 \\/  ___)| |_)| | | | | || (_| |  ) ) ) )
  '  |____| .__|_| |_|_| |_\__, | / / / /
 =========|_|==============|___/=/_/_/_/
 :: Spring Boot ::                (v2.7.8)

2023-02-28 17:11:26.102  INFO 4535 --- [    Test worker] pre9.server.ServerApplicationTests       : Starting ServerApplicationTests using Java 11.0.17 on geumbiui-MacBookAir.local with PID 4535 (started by geumbihwang in /Users/geumbihwang/seb42_pre_019/server)
2023-02-28 17:11:26.105  INFO 4535 --- [    Test worker] pre9.server.ServerApplicationTests       : No active profile set, falling back to 1 default profile: "default"
2023-02-28 17:11:27.919  INFO 4535 --- [    Test worker] .s.d.r.c.RepositoryConfigurationDelegate : Bootstrapping Spring Data JPA repositories in DEFAULT mode.
2023-02-28 17:11:28.124  INFO 4535 --- [    Test worker] .s.d.r.c.RepositoryConfigurationDelegate : Finished Spring Data repository scanning in 189 ms. Found 4 JPA repository interfaces.
2023-02-28 17:11:29.298 DEBUG 4535 --- [    Test worker] j.LocalContainerEntityManagerFactoryBean : Building JPA container EntityManagerFactory for persistence unit 'default'
2023-02-28 17:11:29.353  INFO 4535 --- [    Test worker] o.hibernate.jpa.internal.util.LogHelper  : HHH000204: Processing PersistenceUnitInfo [name: default]
2023-02-28 17:11:29.478  INFO 4535 --- [    Test worker] org.hibernate.Version                    : HHH000412: Hibernate ORM core version 5.6.14.Final
2023-02-28 17:11:29.832  INFO 4535 --- [    Test worker] o.hibernate.annotations.common.Version   : HCANN000001: Hibernate Commons Annotations {5.1.2.Final}
2023-02-28 17:11:30.029  INFO 4535 --- [    Test worker] com.zaxxer.hikari.HikariDataSource       : HikariPool-1 - Starting...
2023-02-28 17:11:30.631  INFO 4535 --- [    Test worker] com.zaxxer.hikari.HikariDataSource       : HikariPool-1 - Start completed.
2023-02-28 17:11:30.701  INFO 4535 --- [    Test worker] org.hibernate.dialect.Dialect            : HHH000400: Using dialect: org.hibernate.dialect.H2Dialect
Hibernate: 
    
    drop table if exists board_file_table CASCADE 
Hibernate: 
    
    drop table if exists board_table CASCADE 
Hibernate: 
    
    drop table if exists comment_table CASCADE 
Hibernate: 
    
    drop table if exists user_roles CASCADE 
Hibernate: 
    
    drop table if exists users CASCADE 
Hibernate: 
    
    create table board_file_table (
       id bigint generated by default as identity,
        created_time timestamp,
        updated_time timestamp,
        original_file_name varchar(255),
        stored_file_name varchar(255),
        board_id bigint,
        primary key (id)
    )
Hibernate: 
    
    create table board_table (
       id bigint generated by default as identity,
        created_time timestamp,
        updated_time timestamp,
        board_contents varchar(500),
        board_hits integer,
        board_pass varchar(255),
        board_title varchar(255),
        board_writer varchar(20) not null,
        file_attached integer,
        primary key (id)
    )
Hibernate: 
    
    create table comment_table (
       id bigint generated by default as identity,
        created_time timestamp,
        updated_time timestamp,
        comment_contents varchar(255),
        comment_writer varchar(20) not null,
        board_id bigint,
        primary key (id)
    )
Hibernate: 
    
    create table user_roles (
       user_user_id bigint not null,
        roles varchar(255)
    )
Hibernate: 
    
    create table users (
       user_id bigint generated by default as identity,
        created_at timestamp,
        last_modified_at timestamp,
        display_name varchar(100) not null,
        email varchar(255) not null,
        password varchar(100) not null,
        user_status varchar(255) not null,
        primary key (user_id)
    )
Hibernate: 
    
    alter table users 
       add constraint UK_6dotkott2kjsp8vw4d0m25fb7 unique (email)
Hibernate: 
    
    alter table board_file_table 
       add constraint FKcfxqly70ddd02xbou0jxgh4o3 
       foreign key (board_id) 
       references board_table
Hibernate: 
    
    alter table comment_table 
       add constraint FKgq2f1qf7mnv1glhult8eaxs7h 
       foreign key (board_id) 
       references board_table
Hibernate: 
    
    alter table user_roles 
       add constraint FK5gikiw021w6y16a8t5vjwqwyj 
       foreign key (user_user_id) 
       references users
2023-02-28 17:11:32.380  INFO 4535 --- [    Test worker] o.h.e.t.j.p.i.JtaPlatformInitiator       : HHH000490: Using JtaPlatform implementation: [org.hibernate.engine.transaction.jta.platform.internal.NoJtaPlatform]
2023-02-28 17:11:32.396  INFO 4535 --- [    Test worker] j.LocalContainerEntityManagerFactoryBean : Initialized JPA EntityManagerFactory for persistence unit 'default'
2023-02-28 17:11:32.627 DEBUG 4535 --- [    Test worker] tor$SharedEntityManagerInvocationHandler : Creating new EntityManager for shared EntityManager invocation
2023-02-28 17:11:32.746 DEBUG 4535 --- [    Test worker] tor$SharedEntityManagerInvocationHandler : Creating new EntityManager for shared EntityManager invocation
2023-02-28 17:11:32.869 DEBUG 4535 --- [    Test worker] tor$SharedEntityManagerInvocationHandler : Creating new EntityManager for shared EntityManager invocation
2023-02-28 17:11:33.034 DEBUG 4535 --- [    Test worker] tor$SharedEntityManagerInvocationHandler : Creating new EntityManager for shared EntityManager invocation
2023-02-28 17:11:33.231 DEBUG 4535 --- [    Test worker] tor$SharedEntityManagerInvocationHandler : Creating new EntityManager for shared EntityManager invocation
2023-02-28 17:11:33.275 DEBUG 4535 --- [    Test worker] tor$SharedEntityManagerInvocationHandler : Creating new EntityManager for shared EntityManager invocation
2023-02-28 17:11:33.330 DEBUG 4535 --- [    Test worker] tor$SharedEntityManagerInvocationHandler : Creating new EntityManager for shared EntityManager invocation
2023-02-28 17:11:33.533 DEBUG 4535 --- [    Test worker] tor$SharedEntityManagerInvocationHandler : Creating new EntityManager for shared EntityManager invocation
2023-02-28 17:11:33.535 DEBUG 4535 --- [    Test worker] tor$SharedEntityManagerInvocationHandler : Creating new EntityManager for shared EntityManager invocation
2023-02-28 17:11:33.625 DEBUG 4535 --- [    Test worker] tor$SharedEntityManagerInvocationHandler : Creating new EntityManager for shared EntityManager invocation
2023-02-28 17:11:33.628 DEBUG 4535 --- [    Test worker] tor$SharedEntityManagerInvocationHandler : Creating new EntityManager for shared EntityManager invocation
2023-02-28 17:11:33.661 DEBUG 4535 --- [    Test worker] tor$SharedEntityManagerInvocationHandler : Creating new EntityManager for shared EntityManager invocation
2023-02-28 17:11:34.209  INFO 4535 --- [    Test worker] o.s.s.web.DefaultSecurityFilterChain     : Will secure any request with [org.springframework.security.web.session.DisableEncodeUrlFilter@1ee126de, org.springframework.security.web.context.request.async.WebAsyncManagerIntegrationFilter@22cce199, org.springframework.security.web.context.SecurityContextPersistenceFilter@22657db1, org.springframework.security.web.header.HeaderWriterFilter@2165d4ab, org.springframework.web.filter.CorsFilter@14b4b25e, org.springframework.security.web.authentication.logout.LogoutFilter@7a482b3a, pre9.server.auth.filter.JwtAuthenticationFilter@4babe06f, pre9.server.auth.filter.JwtVerificationFilter@5c6be812, org.springframework.security.web.savedrequest.RequestCacheAwareFilter@6a0aa5e2, org.springframework.security.web.servletapi.SecurityContextHolderAwareRequestFilter@64745270, org.springframework.security.web.authentication.AnonymousAuthenticationFilter@19ee0a2f, org.springframework.security.web.session.SessionManagementFilter@4d529bc0, org.springframework.security.web.access.ExceptionTranslationFilter@6ba02f70, org.springframework.security.web.access.intercept.AuthorizationFilter@eda7dd3]
2023-02-28 17:11:34.260  WARN 4535 --- [    Test worker] o.s.s.c.a.web.builders.WebSecurity       : 

********************************************************************
**********        Security debugging is enabled.       *************
**********    This may include sensitive information.  *************
**********      Do not use in a production system!     *************
********************************************************************


2023-02-28 17:11:34.771  WARN 4535 --- [    Test worker] JpaBaseConfiguration$JpaWebConfiguration : spring.jpa.open-in-view is enabled by default. Therefore, database queries may be performed during view rendering. Explicitly configure spring.jpa.open-in-view to disable this warning
2023-02-28 17:11:35.328  INFO 4535 --- [    Test worker] o.s.b.a.h2.H2ConsoleAutoConfiguration    : H2 console available at '/h2'. Database available at 'jdbc:h2:mem:test'
2023-02-28 17:11:36.101  INFO 4535 --- [    Test worker] pre9.server.ServerApplicationTests       : Started ServerApplicationTests in 10.93 seconds (JVM running for 13.523)
]]></system-out>
  <system-err><![CDATA[]]></system-err>
</testsuite>
