<?xml version="1.0" encoding="UTF-8"?>
<testsuite name="pre9.server.ServerApplicationTests" tests="1" skipped="0" failures="0" errors="0" timestamp="2023-02-28T06:00:06" hostname="geumbiui-MacBookAir.local" time="0.2">
  <properties/>
  <testcase name="contextLoads()" classname="pre9.server.ServerApplicationTests" time="0.2"/>
  <system-out><![CDATA[14:59:57.456 [Test worker] DEBUG org.springframework.test.context.BootstrapUtils - Instantiating CacheAwareContextLoaderDelegate from class [org.springframework.test.context.cache.DefaultCacheAwareContextLoaderDelegate]
14:59:57.477 [Test worker] DEBUG org.springframework.test.context.BootstrapUtils - Instantiating BootstrapContext using constructor [public org.springframework.test.context.support.DefaultBootstrapContext(java.lang.Class,org.springframework.test.context.CacheAwareContextLoaderDelegate)]
14:59:57.544 [Test worker] DEBUG org.springframework.test.context.BootstrapUtils - Instantiating TestContextBootstrapper for test class [pre9.server.ServerApplicationTests] from class [org.springframework.boot.test.context.SpringBootTestContextBootstrapper]
14:59:57.563 [Test worker] INFO org.springframework.boot.test.context.SpringBootTestContextBootstrapper - Neither @ContextConfiguration nor @ContextHierarchy found for test class [pre9.server.ServerApplicationTests], using SpringBootContextLoader
14:59:57.570 [Test worker] DEBUG org.springframework.test.context.support.AbstractContextLoader - Did not detect default resource location for test class [pre9.server.ServerApplicationTests]: class path resource [pre9/server/ServerApplicationTests-context.xml] does not exist
14:59:57.571 [Test worker] DEBUG org.springframework.test.context.support.AbstractContextLoader - Did not detect default resource location for test class [pre9.server.ServerApplicationTests]: class path resource [pre9/server/ServerApplicationTestsContext.groovy] does not exist
14:59:57.572 [Test worker] INFO org.springframework.test.context.support.AbstractContextLoader - Could not detect default resource locations for test class [pre9.server.ServerApplicationTests]: no resource found for suffixes {-context.xml, Context.groovy}.
14:59:57.573 [Test worker] INFO org.springframework.test.context.support.AnnotationConfigContextLoaderUtils - Could not detect default configuration classes for test class [pre9.server.ServerApplicationTests]: ServerApplicationTests does not declare any static, non-private, non-final, nested classes annotated with @Configuration.
14:59:57.676 [Test worker] DEBUG org.springframework.test.context.support.ActiveProfilesUtils - Could not find an 'annotation declaring class' for annotation type [org.springframework.test.context.ActiveProfiles] and class [pre9.server.ServerApplicationTests]
14:59:57.777 [Test worker] DEBUG org.springframework.context.annotation.ClassPathScanningCandidateComponentProvider - Identified candidate component class: file [/Users/geumbihwang/seb42_pre_019/server/build/classes/java/main/pre9/server/ServerApplication.class]
14:59:57.779 [Test worker] INFO org.springframework.boot.test.context.SpringBootTestContextBootstrapper - Found @SpringBootConfiguration pre9.server.ServerApplication for test class pre9.server.ServerApplicationTests
14:59:57.972 [Test worker] DEBUG org.springframework.boot.test.context.SpringBootTestContextBootstrapper - @TestExecutionListeners is not present for class [pre9.server.ServerApplicationTests]: using defaults.
14:59:57.975 [Test worker] INFO org.springframework.boot.test.context.SpringBootTestContextBootstrapper - Loaded default TestExecutionListener class names from location [META-INF/spring.factories]: [org.springframework.boot.test.autoconfigure.restdocs.RestDocsTestExecutionListener, org.springframework.boot.test.autoconfigure.web.client.MockRestServiceServerResetTestExecutionListener, org.springframework.boot.test.autoconfigure.web.servlet.MockMvcPrintOnlyOnFailureTestExecutionListener, org.springframework.boot.test.autoconfigure.web.servlet.WebDriverTestExecutionListener, org.springframework.boot.test.autoconfigure.webservices.client.MockWebServiceServerTestExecutionListener, org.springframework.boot.test.mock.mockito.MockitoTestExecutionListener, org.springframework.boot.test.mock.mockito.ResetMocksTestExecutionListener, org.springframework.test.context.web.ServletTestExecutionListener, org.springframework.test.context.support.DirtiesContextBeforeModesTestExecutionListener, org.springframework.test.context.event.ApplicationEventsTestExecutionListener, org.springframework.test.context.support.DependencyInjectionTestExecutionListener, org.springframework.test.context.support.DirtiesContextTestExecutionListener, org.springframework.test.context.transaction.TransactionalTestExecutionListener, org.springframework.test.context.jdbc.SqlScriptsTestExecutionListener, org.springframework.test.context.event.EventPublishingTestExecutionListener]
14:59:58.015 [Test worker] INFO org.springframework.boot.test.context.SpringBootTestContextBootstrapper - Using TestExecutionListeners: [org.springframework.test.context.web.ServletTestExecutionListener@1edb61b1, org.springframework.test.context.support.DirtiesContextBeforeModesTestExecutionListener@ec2bf82, org.springframework.test.context.event.ApplicationEventsTestExecutionListener@cc62a3b, org.springframework.boot.test.mock.mockito.MockitoTestExecutionListener@6cc0bcf6, org.springframework.boot.test.autoconfigure.SpringBootDependencyInjectionTestExecutionListener@29539e36, org.springframework.test.context.support.DirtiesContextTestExecutionListener@32f61a31, org.springframework.test.context.transaction.TransactionalTestExecutionListener@f5c79a6, org.springframework.test.context.jdbc.SqlScriptsTestExecutionListener@669253b7, org.springframework.test.context.event.EventPublishingTestExecutionListener@5305c37d, org.springframework.boot.test.autoconfigure.restdocs.RestDocsTestExecutionListener@51a06cbe, org.springframework.boot.test.autoconfigure.web.client.MockRestServiceServerResetTestExecutionListener@3dddbe65, org.springframework.boot.test.autoconfigure.web.servlet.MockMvcPrintOnlyOnFailureTestExecutionListener@49a64d82, org.springframework.boot.test.autoconfigure.web.servlet.WebDriverTestExecutionListener@344561e0, org.springframework.boot.test.autoconfigure.webservices.client.MockWebServiceServerTestExecutionListener@66d23e4a, org.springframework.boot.test.mock.mockito.ResetMocksTestExecutionListener@36ac8a63]
14:59:58.020 [Test worker] DEBUG org.springframework.test.context.support.AbstractDirtiesContextTestExecutionListener - Before test class: context [DefaultTestContext@22db8f4 testClass = ServerApplicationTests, testInstance = [null], testMethod = [null], testException = [null], mergedContextConfiguration = [WebMergedContextConfiguration@2b46a8c1 testClass = ServerApplicationTests, locations = '{}', classes = '{class pre9.server.ServerApplication}', contextInitializerClasses = '[]', activeProfiles = '{}', propertySourceLocations = '{}', propertySourceProperties = '{org.springframework.boot.test.context.SpringBootTestContextBootstrapper=true}', contextCustomizers = set[org.springframework.boot.test.autoconfigure.actuate.metrics.MetricsExportContextCustomizerFactory$DisableMetricExportContextCustomizer@6da00fb9, org.springframework.boot.test.autoconfigure.properties.PropertyMappingContextCustomizer@0, org.springframework.boot.test.autoconfigure.web.servlet.WebDriverContextCustomizerFactory$Customizer@68b6f0d6, org.springframework.boot.test.context.filter.ExcludeFilterContextCustomizer@3b7ff809, org.springframework.boot.test.json.DuplicateJsonObjectContextCustomizerFactory$DuplicateJsonObjectContextCustomizer@4b20ca2b, org.springframework.boot.test.mock.mockito.MockitoContextCustomizer@0, org.springframework.boot.test.web.client.TestRestTemplateContextCustomizer@57fd91c9, org.springframework.boot.test.context.SpringBootTestArgs@1, org.springframework.boot.test.context.SpringBootTestWebEnvironment@5852c06f], resourceBasePath = 'src/main/webapp', contextLoader = 'org.springframework.boot.test.context.SpringBootContextLoader', parent = [null]], attributes = map['org.springframework.test.context.web.ServletTestExecutionListener.activateListener' -> true]], class annotated with @DirtiesContext [false] with mode [null].

  .   ____          _            __ _ _
 /\\ / ___'_ __ _ _(_)_ __  __ _ \ \ \ \
( ( )\___ | '_ | '_| | '_ \/ _` | \ \ \ \
 \\/  ___)| |_)| | | | | || (_| |  ) ) ) )
  '  |____| .__|_| |_|_| |_\__, | / / / /
 =========|_|==============|___/=/_/_/_/
 :: Spring Boot ::                (v2.7.8)

2023-02-28 14:59:58.836  INFO 2950 --- [    Test worker] pre9.server.ServerApplicationTests       : Starting ServerApplicationTests using Java 11.0.17 on geumbiui-MacBookAir.local with PID 2950 (started by geumbihwang in /Users/geumbihwang/seb42_pre_019/server)
2023-02-28 14:59:58.842  INFO 2950 --- [    Test worker] pre9.server.ServerApplicationTests       : No active profile set, falling back to 1 default profile: "default"
2023-02-28 15:00:00.401  INFO 2950 --- [    Test worker] .s.d.r.c.RepositoryConfigurationDelegate : Bootstrapping Spring Data JPA repositories in DEFAULT mode.
2023-02-28 15:00:00.512  INFO 2950 --- [    Test worker] .s.d.r.c.RepositoryConfigurationDelegate : Finished Spring Data repository scanning in 101 ms. Found 4 JPA repository interfaces.
2023-02-28 15:00:01.572 DEBUG 2950 --- [    Test worker] j.LocalContainerEntityManagerFactoryBean : Building JPA container EntityManagerFactory for persistence unit 'default'
2023-02-28 15:00:01.615  INFO 2950 --- [    Test worker] o.hibernate.jpa.internal.util.LogHelper  : HHH000204: Processing PersistenceUnitInfo [name: default]
2023-02-28 15:00:01.697  INFO 2950 --- [    Test worker] org.hibernate.Version                    : HHH000412: Hibernate ORM core version 5.6.14.Final
2023-02-28 15:00:01.987  INFO 2950 --- [    Test worker] o.hibernate.annotations.common.Version   : HCANN000001: Hibernate Commons Annotations {5.1.2.Final}
2023-02-28 15:00:02.156  INFO 2950 --- [    Test worker] com.zaxxer.hikari.HikariDataSource       : HikariPool-1 - Starting...
2023-02-28 15:00:02.508  INFO 2950 --- [    Test worker] com.zaxxer.hikari.HikariDataSource       : HikariPool-1 - Start completed.
2023-02-28 15:00:02.564  INFO 2950 --- [    Test worker] org.hibernate.dialect.Dialect            : HHH000400: Using dialect: org.hibernate.dialect.H2Dialect
Hibernate: 
    
    drop table if exists board_file_table CASCADE 
Hibernate: 
    
    drop table if exists board_table CASCADE 
Hibernate: 
    
    drop table if exists comment_table CASCADE 
Hibernate: 
    
    drop table if exists user_roles CASCADE 
Hibernate: 
    
    drop table if exists users CASCADE 
Hibernate: 
    
    create table board_file_table (
       id bigint generated by default as identity,
        created_time timestamp,
        updated_time timestamp,
        original_file_name varchar(255),
        stored_file_name varchar(255),
        board_id bigint,
        primary key (id)
    )
Hibernate: 
    
    create table board_table (
       id bigint generated by default as identity,
        created_time timestamp,
        updated_time timestamp,
        board_contents varchar(500),
        board_hits integer,
        board_pass varchar(255),
        board_title varchar(255),
        board_writer varchar(20) not null,
        file_attached integer,
        primary key (id)
    )
Hibernate: 
    
    create table comment_table (
       id bigint generated by default as identity,
        created_time timestamp,
        updated_time timestamp,
        comment_contents varchar(255),
        comment_writer varchar(20) not null,
        board_id bigint,
        primary key (id)
    )
Hibernate: 
    
    create table user_roles (
       user_user_id bigint not null,
        roles varchar(255)
    )
Hibernate: 
    
    create table users (
       user_id bigint generated by default as identity,
        created_at timestamp,
        last_modified_at timestamp,
        display_name varchar(100) not null,
        email varchar(255) not null,
        password varchar(100) not null,
        user_status varchar(255) not null,
        primary key (user_id)
    )
Hibernate: 
    
    alter table users 
       add constraint UK_6dotkott2kjsp8vw4d0m25fb7 unique (email)
Hibernate: 
    
    alter table board_file_table 
       add constraint FKcfxqly70ddd02xbou0jxgh4o3 
       foreign key (board_id) 
       references board_table
Hibernate: 
    
    alter table comment_table 
       add constraint FKgq2f1qf7mnv1glhult8eaxs7h 
       foreign key (board_id) 
       references board_table
Hibernate: 
    
    alter table user_roles 
       add constraint FK5gikiw021w6y16a8t5vjwqwyj 
       foreign key (user_user_id) 
       references users
2023-02-28 15:00:03.908  INFO 2950 --- [    Test worker] o.h.e.t.j.p.i.JtaPlatformInitiator       : HHH000490: Using JtaPlatform implementation: [org.hibernate.engine.transaction.jta.platform.internal.NoJtaPlatform]
2023-02-28 15:00:03.924  INFO 2950 --- [    Test worker] j.LocalContainerEntityManagerFactoryBean : Initialized JPA EntityManagerFactory for persistence unit 'default'
2023-02-28 15:00:04.108 DEBUG 2950 --- [    Test worker] tor$SharedEntityManagerInvocationHandler : Creating new EntityManager for shared EntityManager invocation
2023-02-28 15:00:04.197 DEBUG 2950 --- [    Test worker] tor$SharedEntityManagerInvocationHandler : Creating new EntityManager for shared EntityManager invocation
2023-02-28 15:00:04.286 DEBUG 2950 --- [    Test worker] tor$SharedEntityManagerInvocationHandler : Creating new EntityManager for shared EntityManager invocation
2023-02-28 15:00:04.412 DEBUG 2950 --- [    Test worker] tor$SharedEntityManagerInvocationHandler : Creating new EntityManager for shared EntityManager invocation
2023-02-28 15:00:04.579 DEBUG 2950 --- [    Test worker] tor$SharedEntityManagerInvocationHandler : Creating new EntityManager for shared EntityManager invocation
2023-02-28 15:00:04.616 DEBUG 2950 --- [    Test worker] tor$SharedEntityManagerInvocationHandler : Creating new EntityManager for shared EntityManager invocation
2023-02-28 15:00:04.657 DEBUG 2950 --- [    Test worker] tor$SharedEntityManagerInvocationHandler : Creating new EntityManager for shared EntityManager invocation
2023-02-28 15:00:04.825 DEBUG 2950 --- [    Test worker] tor$SharedEntityManagerInvocationHandler : Creating new EntityManager for shared EntityManager invocation
2023-02-28 15:00:04.827 DEBUG 2950 --- [    Test worker] tor$SharedEntityManagerInvocationHandler : Creating new EntityManager for shared EntityManager invocation
2023-02-28 15:00:04.885 DEBUG 2950 --- [    Test worker] tor$SharedEntityManagerInvocationHandler : Creating new EntityManager for shared EntityManager invocation
2023-02-28 15:00:04.887 DEBUG 2950 --- [    Test worker] tor$SharedEntityManagerInvocationHandler : Creating new EntityManager for shared EntityManager invocation
2023-02-28 15:00:04.905 DEBUG 2950 --- [    Test worker] tor$SharedEntityManagerInvocationHandler : Creating new EntityManager for shared EntityManager invocation
2023-02-28 15:00:05.302  INFO 2950 --- [    Test worker] o.s.s.web.DefaultSecurityFilterChain     : Will secure any request with [org.springframework.security.web.session.DisableEncodeUrlFilter@3497ecea, org.springframework.security.web.context.request.async.WebAsyncManagerIntegrationFilter@1e487d57, org.springframework.security.web.context.SecurityContextPersistenceFilter@6ba02f70, org.springframework.security.web.header.HeaderWriterFilter@3180131e, org.springframework.web.filter.CorsFilter@4b2af0eb, org.springframework.security.web.authentication.logout.LogoutFilter@4d3bde85, pre9.server.auth.filter.JwtAuthenticationFilter@66c32e15, pre9.server.auth.filter.JwtVerificationFilter@6d387e9b, org.springframework.security.web.savedrequest.RequestCacheAwareFilter@9771c71, org.springframework.security.web.servletapi.SecurityContextHolderAwareRequestFilter@5ce0f50a, org.springframework.security.web.authentication.AnonymousAuthenticationFilter@304704ae, org.springframework.security.web.session.SessionManagementFilter@3a36da5e, org.springframework.security.web.access.ExceptionTranslationFilter@136690b1, org.springframework.security.web.access.intercept.AuthorizationFilter@36ae17ef]
2023-02-28 15:00:05.341  WARN 2950 --- [    Test worker] o.s.s.c.a.web.builders.WebSecurity       : 

********************************************************************
**********        Security debugging is enabled.       *************
**********    This may include sensitive information.  *************
**********      Do not use in a production system!     *************
********************************************************************


2023-02-28 15:00:05.694  WARN 2950 --- [    Test worker] JpaBaseConfiguration$JpaWebConfiguration : spring.jpa.open-in-view is enabled by default. Therefore, database queries may be performed during view rendering. Explicitly configure spring.jpa.open-in-view to disable this warning
2023-02-28 15:00:06.113  INFO 2950 --- [    Test worker] o.s.b.a.h2.H2ConsoleAutoConfiguration    : H2 console available at '/h2'. Database available at 'jdbc:h2:mem:test'
2023-02-28 15:00:06.620  INFO 2950 --- [    Test worker] pre9.server.ServerApplicationTests       : Started ServerApplicationTests in 8.534 seconds (JVM running for 10.786)
]]></system-out>
  <system-err><![CDATA[]]></system-err>
</testsuite>
